asim testbench test
# ELBREAD: Elaboration process.
# ELBREAD: Elaboration time 0.0 [s].
# asim: Stack memory: 32MB
# asim: Retval memory: 32MB
# KERNEL: Main thread initiated.
# KERNEL: Kernel process initialization phase.
# KERNEL: Time resolution set to 1ps.
# ELAB2: Elaboration final pass...
# ELAB2: Create instances ...
# ELAB2: Create instances complete.
# ELAB2: Elaboration final pass complete - time: 0.2 [s].
# KERNEL: Kernel process initialization done.
# Allocation: Simulator allocated 8941 kB (elbread=1071 elab2=6279 kernel=1591 sdf=0)
# 2:58 AM, Wednesday, May 8, 2024
# Simulation has been initialized
# Selected Top-Level: testbench (test)
run 5 ns
# KERNEL: WARNING: There is an 'U'|'X'|'W'|'Z'|'-' in an arithmetic operand, the result will be 'X'(es).
# KERNEL: Time: 0 ps,  Iteration: 0,  Instance: /TopLevel/Processor/Data/pcplus4_Adder,  Process: line__38.
# KERNEL: WARNING: There is an 'U'|'X'|'W'|'Z'|'-' in an arithmetic operand, the result will be 'X'(es).
# KERNEL: Time: 0 ps,  Iteration: 0,  Instance: /TopLevel/Processor/Data/pcbranch_Adder,  Process: line__38.
# KERNEL: WARNING: There is an 'U'|'X'|'W'|'Z'|'-' in an arithmetic operand, the result will be 'X'(es).
# KERNEL: Time: 0 ps,  Iteration: 0,  Instance: /TopLevel/Processor/Data/ALU,  Process: line__81.
# KERNEL: WARNING: There is an 'U'|'X'|'W'|'Z'|'-' in an arithmetic operand, the result will be 'X'(es).
# KERNEL: Time: 0 ps,  Iteration: 1,  Instance: /TopLevel/Processor/Data/pcbranch_Adder,  Process: line__38.
# KERNEL: WARNING: There is an 'U'|'X'|'W'|'Z'|'-' in an arithmetic operand, the result will be 'X'(es).
# KERNEL: Time: 0 ps,  Iteration: 2,  Instance: /TopLevel/Processor/Data/ALU,  Process: line__45.
# KERNEL: WARNING: There is an 'U'|'X'|'W'|'Z'|'-' in an arithmetic operand, the result will be 'X'(es).
# KERNEL: Time: 0 ps,  Iteration: 2,  Instance: /TopLevel/Processor/Data/pcbranch_Adder,  Process: line__38.
# KERNEL: WARNING: There is an 'U'|'X'|'W'|'Z'|'-' in an arithmetic operand, the result will be 'X'(es).
# KERNEL: Time: 0 ps,  Iteration: 3,  Instance: /TopLevel/Processor/Data/ALU,  Process: line__81.
# KERNEL: stopped at time: 5 ns
run 5 ns
# KERNEL: stopped at time: 10 ns
run 5 ns
# KERNEL: stopped at time: 15 ns
run 5 ns
# KERNEL: stopped at time: 20 ns
run 5 ns
# KERNEL: stopped at time: 25 ns
run 5 ns
# RUNTIME: Fatal Error: RUNTIME_0047 InstructionMemory.vhdl (51): Index 4 out of range (0 to 2).
# KERNEL: Time: 30 ns,  Iteration: 2,  Instance: /TopLevel/InstructionMemory,  Process: line__51.
# KERNEL: stopped at time: 30 ns
# Fatal error occurred during simulation.
# Simulation has been stopped
# ELBREAD: Elaboration process.
# ELBREAD: Elaboration time 0.0 [s].
asim datamemory arch
# ELBREAD: Elaboration process.
# ELBREAD: Elaboration time 0.0 [s].
# asim: Stack memory: 32MB
# asim: Retval memory: 32MB
# KERNEL: Main thread initiated.
# KERNEL: Kernel process initialization phase.
# KERNEL: Time resolution set to 1ps.
# ELAB2: Elaboration final pass...
# ELAB2: Create instances ...
# ELAB2: Create instances complete.
# ELAB2: Elaboration final pass complete - time: 0.3 [s].
# KERNEL: Kernel process initialization done.
# Allocation: Simulator allocated 8814 kB (elbread=1070 elab2=6184 kernel=1560 sdf=0)
# 3:02 AM, Wednesday, May 8, 2024
# Simulation has been initialized
# Selected Top-Level: datamemory (arch)
# Signal DataAddress not found in design
# Signal reset not found in design
# Signal MemoryReadWriteEnable not found in design
run
# KERNEL: Simulation has finished. There are no more test vectors to simulate.
run 5 ns
# KERNEL: stopped at time: 5 ns
# KERNEL: Simulation has finished. There are no more test vectors to simulate.
run 5 ns
# KERNEL: stopped at time: 10 ns
# KERNEL: Simulation has finished. There are no more test vectors to simulate.
run 5 ns
# KERNEL: stopped at time: 15 ns
# KERNEL: Simulation has finished. There are no more test vectors to simulate.
# Simulation has been stopped
# ELBREAD: Elaboration process.
# ELBREAD: Elaboration time 0.0 [s].
asim instructionmemory arch_instructionmemory
# ELBREAD: Elaboration process.
# ELBREAD: Elaboration time 0.0 [s].
# asim: Stack memory: 32MB
# asim: Retval memory: 32MB
# KERNEL: Main thread initiated.
# KERNEL: Kernel process initialization phase.
# KERNEL: Time resolution set to 1ps.
# ELAB2: Elaboration final pass...
# ELAB2: Create instances ...
# ELAB2: Create instances complete.
# ELAB2: Elaboration final pass complete - time: 0.2 [s].
# KERNEL: Kernel process initialization done.
# Allocation: Simulator allocated 2420 kB (elbread=1070 elab2=302 kernel=1048 sdf=0)
# 3:06 AM, Wednesday, May 8, 2024
# Simulation has been initialized
# Selected Top-Level: instructionmemory (arch_instructionmemory)
# Signal WriteData not found in design
# Signal DataAddress not found in design
# Signal clk not found in design
# Signal reset not found in design
# Signal MemoryReadWriteEnable not found in design
# Signal DataMem not found in design
# Signal clk not found in design
# Signal WriteEnable not found in design
# Signal WriteData not found in design
# Signal ReadData not found in design
run 5 ns
# KERNEL: stopped at time: 5 ns
# KERNEL: Simulation has finished. There are no more test vectors to simulate.
run 5 ns
# KERNEL: stopped at time: 10 ns
# KERNEL: Simulation has finished. There are no more test vectors to simulate.
run 5 ns
# KERNEL: stopped at time: 15 ns
# KERNEL: Simulation has finished. There are no more test vectors to simulate.
run 5 ns
# KERNEL: stopped at time: 20 ns
# KERNEL: Simulation has finished. There are no more test vectors to simulate.
run 5 ns
# KERNEL: stopped at time: 25 ns
# KERNEL: Simulation has finished. There are no more test vectors to simulate.
run 5 ns
# KERNEL: stopped at time: 30 ns
# KERNEL: Simulation has finished. There are no more test vectors to simulate.
# Simulation has been stopped
# ELBREAD: Elaboration process.
# ELBREAD: Elaboration time 0.0 [s].
asim programcounter arch_programcounter
# ELBREAD: Elaboration process.
# ELBREAD: Elaboration time 0.0 [s].
# asim: Stack memory: 32MB
# asim: Retval memory: 32MB
# KERNEL: Main thread initiated.
# KERNEL: Kernel process initialization phase.
# KERNEL: Time resolution set to 1ps.
# ELAB2: Elaboration final pass...
# ELAB2: Create instances ...
# ELAB2: Create instances complete.
# ELAB2: Elaboration final pass complete - time: 0.3 [s].
# KERNEL: Kernel process initialization done.
# Allocation: Simulator allocated 2417 kB (elbread=1070 elab2=299 kernel=1048 sdf=0)
# 3:08 AM, Wednesday, May 8, 2024
# Simulation has been initialized
# Selected Top-Level: programcounter (arch_programcounter)
run 5 ns
# KERNEL: stopped at time: 5 ns
# KERNEL: Simulation has finished. There are no more test vectors to simulate.
run 5 ns
# KERNEL: stopped at time: 10 ns
# KERNEL: Simulation has finished. There are no more test vectors to simulate.
run 5 ns
# KERNEL: stopped at time: 15 ns
# KERNEL: Simulation has finished. There are no more test vectors to simulate.
run 5 ns
# KERNEL: stopped at time: 20 ns
run 5 ns
# KERNEL: stopped at time: 25 ns
run 5 ns
# KERNEL: stopped at time: 30 ns
run 5 ns
# KERNEL: stopped at time: 35 ns
run 5 ns
# KERNEL: stopped at time: 40 ns
run 5 ns
# KERNEL: stopped at time: 45 ns
run 5 ns
# KERNEL: stopped at time: 50 ns
run 5 ns
# KERNEL: stopped at time: 55 ns
run 5 ns
# KERNEL: stopped at time: 60 ns
run 5 ns
# KERNEL: stopped at time: 65 ns
endsim
# All when statements cleared.
# Simulation has been stopped
asim programcounter arch_programcounter
# ELBREAD: Elaboration process.
# ELBREAD: Elaboration time 0.0 [s].
# asim: Stack memory: 32MB
# asim: Retval memory: 32MB
# KERNEL: Main thread initiated.
# KERNEL: Kernel process initialization phase.
# KERNEL: Time resolution set to 1ps.
# ELAB2: Elaboration final pass...
# ELAB2: Create instances ...
# ELAB2: Create instances complete.
# ELAB2: Elaboration final pass complete - time: 0.3 [s].
# KERNEL: Kernel process initialization done.
# Allocation: Simulator allocated 2417 kB (elbread=1070 elab2=299 kernel=1048 sdf=0)
# 3:10 AM, Wednesday, May 8, 2024
# Simulation has been initialized
# Selected Top-Level: programcounter (arch_programcounter)
# Simulation has been stopped
# ELBREAD: Elaboration process.
# ELBREAD: Elaboration time 0.0 [s].
asim testbench test
# ELBREAD: Elaboration process.
# ELBREAD: Elaboration time 0.0 [s].
# asim: Stack memory: 32MB
# asim: Retval memory: 32MB
# KERNEL: Main thread initiated.
# KERNEL: Kernel process initialization phase.
# KERNEL: Time resolution set to 1ps.
# ELAB2: Elaboration final pass...
# ELAB2: Create instances ...
# ELAB2: Create instances complete.
# ELAB2: Elaboration final pass complete - time: 0.3 [s].
# KERNEL: Kernel process initialization done.
# Allocation: Simulator allocated 8941 kB (elbread=1071 elab2=6279 kernel=1591 sdf=0)
# 3:11 AM, Wednesday, May 8, 2024
# Simulation has been initialized
# Selected Top-Level: testbench (test)
# Signal input not found in design
# Signal output not found in design
run 5 ns
# KERNEL: WARNING: There is an 'U'|'X'|'W'|'Z'|'-' in an arithmetic operand, the result will be 'X'(es).
# KERNEL: Time: 0 ps,  Iteration: 0,  Instance: /TopLevel/Processor/Data/pcplus4_Adder,  Process: line__38.
# KERNEL: WARNING: There is an 'U'|'X'|'W'|'Z'|'-' in an arithmetic operand, the result will be 'X'(es).
# KERNEL: Time: 0 ps,  Iteration: 0,  Instance: /TopLevel/Processor/Data/pcbranch_Adder,  Process: line__38.
# KERNEL: WARNING: There is an 'U'|'X'|'W'|'Z'|'-' in an arithmetic operand, the result will be 'X'(es).
# KERNEL: Time: 0 ps,  Iteration: 0,  Instance: /TopLevel/Processor/Data/ALU,  Process: line__81.
# KERNEL: WARNING: There is an 'U'|'X'|'W'|'Z'|'-' in an arithmetic operand, the result will be 'X'(es).
# KERNEL: Time: 0 ps,  Iteration: 1,  Instance: /TopLevel/Processor/Data/pcbranch_Adder,  Process: line__38.
# KERNEL: WARNING: There is an 'U'|'X'|'W'|'Z'|'-' in an arithmetic operand, the result will be 'X'(es).
# KERNEL: Time: 0 ps,  Iteration: 2,  Instance: /TopLevel/Processor/Data/ALU,  Process: line__45.
# KERNEL: WARNING: There is an 'U'|'X'|'W'|'Z'|'-' in an arithmetic operand, the result will be 'X'(es).
# KERNEL: Time: 0 ps,  Iteration: 2,  Instance: /TopLevel/Processor/Data/pcbranch_Adder,  Process: line__38.
# KERNEL: WARNING: There is an 'U'|'X'|'W'|'Z'|'-' in an arithmetic operand, the result will be 'X'(es).
# KERNEL: Time: 0 ps,  Iteration: 3,  Instance: /TopLevel/Processor/Data/pcbranch_Adder,  Process: line__38.
# KERNEL: WARNING: There is an 'U'|'X'|'W'|'Z'|'-' in an arithmetic operand, the result will be 'X'(es).
# KERNEL: Time: 0 ps,  Iteration: 3,  Instance: /TopLevel/Processor/Data/ALU,  Process: line__81.
# KERNEL: WARNING: There is an 'U'|'X'|'W'|'Z'|'-' in an arithmetic operand, the result will be 'X'(es).
# KERNEL: Time: 2500 ps,  Iteration: 1,  Instance: /TopLevel/Processor/Data/pcplus4_Adder,  Process: line__38.
# KERNEL: stopped at time: 5 ns
run 5 ns
# KERNEL: stopped at time: 10 ns
run 5 ns
# KERNEL: stopped at time: 15 ns
run 5 ns
# KERNEL: stopped at time: 20 ns
restart
# All when statements cleared.
# ELBREAD: Elaboration process.
# ELBREAD: Elaboration time 0.0 [s].
# KERNEL: Main thread initiated.
# KERNEL: Kernel process initialization phase.
# KERNEL: Time resolution set to 1ps.
# ELAB2: Elaboration final pass...
# ELAB2: Create instances ...
# ELAB2: Create instances complete.
# ELAB2: Elaboration final pass complete - time: 0.0 [s].
# KERNEL: Kernel process initialization done.
# Allocation: Simulator allocated 8941 kB (elbread=1071 elab2=6279 kernel=1591 sdf=0)
# 3:12 AM, Wednesday, May 8, 2024
# Simulation has been initialized
# Selected Top-Level: testbench (test)
# Signal input not found in design
# Signal output not found in design
# Simulation has been stopped
# ELBREAD: Elaboration process.
# ELBREAD: Elaboration time 0.0 [s].
asim datamemory arch
# ELBREAD: Elaboration process.
# ELBREAD: Elaboration time 0.0 [s].
# asim: Stack memory: 32MB
# asim: Retval memory: 32MB
# KERNEL: Main thread initiated.
# KERNEL: Kernel process initialization phase.
# KERNEL: Time resolution set to 1ps.
# ELAB2: Elaboration final pass...
# ELAB2: Create instances ...
# ELAB2: Create instances complete.
# ELAB2: Elaboration final pass complete - time: 0.3 [s].
# KERNEL: Kernel process initialization done.
# Allocation: Simulator allocated 8814 kB (elbread=1070 elab2=6184 kernel=1560 sdf=0)
# 3:12 AM, Wednesday, May 8, 2024
# Simulation has been initialized
# Selected Top-Level: datamemory (arch)
# Signal reset not found in design
# Signal input not found in design
# Signal output not found in design
# Signal DataAddress not found in design
# Signal reset not found in design
# Signal MemoryReadWriteEnable not found in design
run 5 ns
# KERNEL: stopped at time: 5 ns
restart
# All when statements cleared.
# ELBREAD: Elaboration process.
# ELBREAD: Elaboration time 0.0 [s].
# KERNEL: Main thread initiated.
# KERNEL: Kernel process initialization phase.
# KERNEL: Time resolution set to 1ps.
# ELAB2: Elaboration final pass...
# ELAB2: Create instances ...
# ELAB2: Create instances complete.
# ELAB2: Elaboration final pass complete - time: 0.0 [s].
# KERNEL: Kernel process initialization done.
# Allocation: Simulator allocated 8814 kB (elbread=1070 elab2=6184 kernel=1560 sdf=0)
# 3:13 AM, Wednesday, May 8, 2024
# Simulation has been initialized
# Selected Top-Level: datamemory (arch)
# Signal reset not found in design
# Signal input not found in design
# Signal output not found in design
# Signal DataAddress not found in design
# Signal reset not found in design
# Signal MemoryReadWriteEnable not found in design
# Simulation has been stopped
